<?xml version="1.0" encoding="UTF-8"?>
<!-- Generated by org.testng.reporters.JUnitReportReporter -->
<testsuite hostname="MININT-ADD5E5S" name="tests.LoginLogoutTest" tests="4" failures="0" timestamp="10 Feb 2017 15:07:04 GMT" time="104.898" errors="0">
  <testcase name="loginNegativeTest" time="22.964" classname="tests.LoginLogoutTest"/>
  <testcase name="loginEmpty" time="24.847" classname="tests.LoginLogoutTest"/>
  <testcase name="loginPositiveTest" time="28.082" classname="tests.LoginLogoutTest"/>
  <testcase name="logoutTest" time="29.005" classname="tests.LoginLogoutTest"/>
</testsuite> <!-- tests.LoginLogoutTest -->
